SF:lib\data\datasources\local\database.dart
DA:13,2
DA:15,1
DA:18,1
DA:19,2
DA:21,1
DA:24,3
DA:25,1
DA:26,1
DA:27,1
DA:29,1
DA:32,1
DA:33,6
DA:35,1
DA:37,1
DA:38,1
DA:39,1
DA:40,1
DA:44,1
DA:45,2
DA:46,4
DA:48,1
DA:50,1
DA:51,1
DA:52,1
DA:53,1
DA:57,1
DA:60,2
DA:61,4
DA:62,2
DA:63,2
DA:65,1
DA:67,1
DA:69,1
DA:70,1
DA:71,1
DA:72,1
DA:76,1
DA:79,2
DA:80,2
DA:81,2
DA:83,1
DA:85,1
DA:87,1
DA:88,1
DA:89,1
DA:90,1
DA:95,1
DA:96,3
DA:97,1
DA:98,1
DA:99,1
DA:100,1
DA:106,1
DA:107,7
DA:111,1
DA:112,3
LF:56
LH:56
end_of_record
SF:lib\data\models\excuse_model.dart
DA:4,6
DA:10,1
DA:15,1
DA:21,6
DA:22,3
DA:23,3
DA:24,3
DA:27,2
DA:28,1
DA:29,1
DA:30,1
LF:11
LH:11
end_of_record
SF:lib\domain\entities\excuse.dart
DA:5,6
LF:1
LH:1
end_of_record
SF:lib\domain\usecases\get_random_excuse_by_category.dart
DA:7,0
DA:8,0
DA:9,0
LF:3
LH:0
end_of_record
SF:lib\presentation\cubit\randomcategoryexcuse\cubit\random_category_excuse_state.dart
DA:4,2
DA:6,1
DA:7,1
DA:17,1
DA:19,0
DA:20,0
DA:23,1
DA:24,2
DA:30,2
DA:32,1
DA:33,2
LF:11
LH:9
end_of_record
SF:lib\presentation\cubit\randomcategoryexcuse\cubit\random_category_excuse_cubit.dart
DA:14,1
DA:15,2
DA:17,1
DA:18,2
DA:20,3
DA:21,2
DA:22,2
DA:23,1
DA:24,3
DA:28,1
DA:29,1
LF:11
LH:11
end_of_record
SF:lib\data\datasources\remote\excuser_api.dart
DA:8,1
DA:10,1
DA:11,1
DA:15,1
DA:16,1
DA:17,2
DA:18,1
DA:19,1
DA:20,4
DA:24,1
DA:26,1
DA:27,1
DA:30,1
DA:32,6
DA:34,3
DA:35,1
LF:16
LH:16
end_of_record
SF:lib\util\random_num.dart
DA:3,2
DA:4,2
DA:5,6
LF:3
LH:3
end_of_record
SF:lib\data\repositories\excuse_repository.dart
DA:13,1
DA:18,1
DA:20,2
DA:23,1
DA:25,2
DA:28,1
DA:30,2
DA:33,3
DA:34,5
DA:37,1
DA:40,2
DA:44,1
DA:46,2
DA:48,1
DA:49,2
DA:51,2
DA:52,1
DA:53,4
DA:54,1
DA:57,1
DA:60,2
LF:21
LH:21
end_of_record
SF:lib\domain\usecases\get_random_excuse.dart
DA:5,0
DA:9,0
DA:10,0
LF:3
LH:0
end_of_record
SF:lib\presentation\cubit\randomexcuse\random_excuse_state.dart
DA:4,2
DA:6,1
DA:7,1
DA:17,1
DA:19,0
DA:20,0
DA:23,1
DA:24,2
DA:30,2
DA:32,1
DA:33,2
LF:11
LH:9
end_of_record
SF:lib\presentation\cubit\randomexcuse\random_excuse_cubit.dart
DA:13,3
DA:15,1
DA:16,2
DA:18,2
DA:19,2
DA:20,2
DA:21,1
DA:22,3
LF:8
LH:8
end_of_record
